<?xml version="1.0" encoding="UTF-8"?>
<!-- Generated by org.testng.reporters.JUnitReportReporter -->
<testsuite hostname="DESKTOP-F3FF5SL" failures="0" tests="1" name="org.test.FilleUploadingToolKit" time="26.026" errors="0" timestamp="2022-12-07T22:33:05 IST" skipped="0">
  <testcase classname="org.test.FilleUploadingToolKit" name="toolKit" time="26.026"/>
  <system-out/>
</testsuite> <!-- org.test.FilleUploadingToolKit -->
