<?xml version="1.0" encoding="UTF-8"?>
<!-- Generated by org.testng.reporters.JUnitReportReporter -->
<testsuite hostname="DESKTOP-F3FF5SL" failures="0" tests="1" name="org.test.FacebookTask" time="30.744" errors="0" timestamp="03 Dec 2022 09:40:29 GMT" skipped="0">
  <testcase classname="org.test.FacebookTask" name="lanch" time="30.744"/>
</testsuite> <!-- org.test.FacebookTask -->
