<?xml version="1.0" encoding="UTF-8"?>
<!-- Generated by org.testng.reporters.JUnitReportReporter -->
<testsuite hostname="DESKTOP-F3FF5SL" failures="0" tests="1" name="org.dataprovider.DataproviderWithExcel" time="1.340" errors="0" timestamp="2022-12-06T00:01:32 IST" skipped="0">
  <testcase classname="org.dataprovider.DataproviderWithExcel" name="login" time="1.340"/>
  <system-out/>
</testsuite> <!-- org.dataprovider.DataproviderWithExcel -->
