<?xml version="1.0" encoding="UTF-8"?>
<!-- Generated by org.testng.reporters.JUnitReportReporter -->
<testsuite hostname="DESKTOP-F3FF5SL" failures="0" tests="7" name="org.test.FlipkartTestNg" time="146.427" errors="0" timestamp="2022-12-07T21:58:53 IST" skipped="1">
  <testcase classname="org.test.FlipkartTestNg" name="logIn" time="0.757"/>
  <system-out/>
  <testcase classname="org.test.FlipkartTestNg" name="lanchUrl" time="78.351"/>
  <system-out/>
  <testcase classname="org.test.FlipkartTestNg" name="searching" time="2.368"/>
  <system-out/>
  <testcase classname="org.test.FlipkartTestNg" name="iPhone13Red" time="12.155"/>
  <system-out/>
  <testcase classname="org.test.FlipkartTestNg" name="windowHandling" time="0.164"/>
  <system-out/>
  <testcase classname="org.test.FlipkartTestNg" name="addToCart" time="52.632"/>
  <system-out/>
  <testcase classname="org.test.FlipkartTestNg" name="browserClosing">
    <skipped/>
  </testcase> <!-- browserClosing -->
  <system-out/>
</testsuite> <!-- org.test.FlipkartTestNg -->
