<?xml version="1.0" encoding="UTF-8"?>
<!-- Generated by org.testng.reporters.JUnitReportReporter -->
<testsuite hostname="DESKTOP-F3FF5SL" failures="0" tests="1" name="org.annotation.AnnotationsList" time="0.018" errors="0" timestamp="2022-12-23T23:48:28 IST" skipped="0">
  <testcase classname="org.annotation.AnnotationsList" name="f" time="0.018"/>
  <system-out/>
</testsuite> <!-- org.annotation.AnnotationsList -->
