<?xml version="1.0" encoding="UTF-8"?>
<!-- Generated by org.testng.reporters.JUnitReportReporter -->
<testsuite hostname="DESKTOP-F3FF5SL" failures="0" tests="2" name="org.test.DataProvider" time="43.244" errors="0" timestamp="2022-12-05T15:51:09 IST" skipped="0">
  <testcase classname="org.test.DataProvider" name="logIn" time="21.742"/>
  <system-out/>
  <testcase classname="org.test.DataProvider" name="logIn" time="21.502"/>
  <system-out/>
</testsuite> <!-- org.test.DataProvider -->
