<?xml version="1.0" encoding="UTF-8"?>
<!-- Generated by org.testng.reporters.JUnitReportReporter -->
<testsuite hostname="DESKTOP-F3FF5SL" failures="0" tests="3" name="org.dataprovider.UsingExcelDatas" time="66.084" errors="0" timestamp="2022-12-07T22:36:44 IST" skipped="0">
  <testcase classname="org.dataprovider.UsingExcelDatas" name="dataUtils" time="17.972"/>
  <system-out/>
  <testcase classname="org.dataprovider.UsingExcelDatas" name="dataUtils" time="19.694"/>
  <system-out/>
  <testcase classname="org.dataprovider.UsingExcelDatas" name="dataUtils" time="28.418"/>
  <system-out/>
</testsuite> <!-- org.dataprovider.UsingExcelDatas -->
