<?xml version="1.0" encoding="UTF-8"?>
<!-- Generated by org.testng.reporters.JUnitReportReporter -->
<testsuite hostname="DESKTOP-F3FF5SL" failures="0" tests="1" name="org.test.AutoitFileUpload" time="45.174" errors="0" timestamp="2022-12-07T22:22:30 IST" skipped="0">
  <testcase classname="org.test.AutoitFileUpload" name="runWithTestng" time="45.174"/>
  <system-out/>
</testsuite> <!-- org.test.AutoitFileUpload -->
